<?xml version="1.0" encoding="UTF-8"?>
<testng-results skipped="0" failed="1" total="1" passed="0">
  <reporter-output>
  </reporter-output>
  <suite name="Default suite" duration-ms="16768" started-at="2021-04-18T12:06:24Z" finished-at="2021-04-18T12:06:40Z">
    <groups>
      <group name="cucumber">
        <method signature="AbstractTestNGCucumberTests.runScenario(io.cucumber.testng.PickleWrapper, io.cucumber.testng.FeatureWrapper)[pri:0, instance:Runner.Test_Runner@59d016c9]" name="runScenario" class="io.cucumber.testng.AbstractTestNGCucumberTests"/>
      </group> <!-- cucumber -->
    </groups>
    <test name="Default test" duration-ms="16768" started-at="2021-04-18T12:06:24Z" finished-at="2021-04-18T12:06:40Z">
      <class name="Runner.Test_Runner">
        <test-method status="PASS" signature="setUpClass()[pri:0, instance:Runner.Test_Runner@59d016c9]" name="setUpClass" is-config="true" duration-ms="906" started-at="2021-04-18T17:36:24Z" finished-at="2021-04-18T17:36:25Z">
          <reporter-output>
          </reporter-output>
        </test-method> <!-- setUpClass -->
        <test-method status="FAIL" signature="runScenario(io.cucumber.testng.PickleWrapper, io.cucumber.testng.FeatureWrapper)[pri:0, instance:Runner.Test_Runner@59d016c9]" name="runScenario" duration-ms="15494" started-at="2021-04-18T17:36:25Z" description="Runs Cucumber Scenarios" data-provider="scenarios" finished-at="2021-04-18T17:36:40Z">
          <params>
            <param index="0">
              <value>
                <![CDATA["Validate successful Login with Valid Data"]]>
              </value>
            </param>
            <param index="1">
              <value>
                <![CDATA["Optional[Test Login with valid case]"]]>
              </value>
            </param>
          </params>
          <exception class="java.lang.AssertionError">
            <message>
              <![CDATA[expected [Welcome Hansika] but found [Welcome Paul]]]>
            </message>
            <full-stacktrace>
              <![CDATA[java.lang.AssertionError: expected [Welcome Hansika] but found [Welcome Paul]
	at org.testng.Assert.fail(Assert.java:94)
	at org.testng.Assert.failNotEquals(Assert.java:513)
	at org.testng.Assert.assertEqualsImpl(Assert.java:135)
	at org.testng.Assert.assertEquals(Assert.java:116)
	at org.testng.Assert.assertEquals(Assert.java:190)
	at org.testng.Assert.assertEquals(Assert.java:200)
	at StepDefinition.Steps.login_successful(Steps.java:43)
	at âœ½.Login Successful(file:///C:/Users/ChaithraNK/eclipse-workspace/testNG/src/test/resources/Login/Login.feature:7)
]]>
            </full-stacktrace>
          </exception> <!-- java.lang.AssertionError -->
          <reporter-output>
          </reporter-output>
        </test-method> <!-- runScenario -->
        <test-method status="PASS" signature="tearDownClass()[pri:0, instance:Runner.Test_Runner@59d016c9]" name="tearDownClass" is-config="true" duration-ms="340" started-at="2021-04-18T17:36:40Z" finished-at="2021-04-18T17:36:40Z">
          <reporter-output>
          </reporter-output>
        </test-method> <!-- tearDownClass -->
      </class> <!-- Runner.Test_Runner -->
    </test> <!-- Default test -->
  </suite> <!-- Default suite -->
</testng-results>
